0 info it worked if it ends with ok
1 verbose cli [ 'node', '/usr/local/bin/npm', 'install' ]
2 info using npm@1.4.28
3 info using node@v0.10.32
4 verbose readDependencies using package.json deps
5 verbose install where, deps [ '/Users/idlefox/Casink/Slot_machine/Nodejs_new/slot_machine',
5 verbose install   [ 'body-parser',
5 verbose install     'cookie-parser',
5 verbose install     'debug',
5 verbose install     'express',
5 verbose install     'jade',
5 verbose install     'morgan',
5 verbose install     'serve-favicon',
5 verbose install     'jquery',
5 verbose install     'socket.io',
5 verbose install     'serialport' ] ]
6 info preinstall slot_machine@0.0.0
7 verbose readDependencies using package.json deps
8 verbose already installed skipping express@~4.11.1 /Users/idlefox/Casink/Slot_machine/Nodejs_new/slot_machine
9 verbose already installed skipping jade@~1.9.1 /Users/idlefox/Casink/Slot_machine/Nodejs_new/slot_machine
10 verbose already installed skipping morgan@~1.5.1 /Users/idlefox/Casink/Slot_machine/Nodejs_new/slot_machine
11 verbose already installed skipping serve-favicon@~2.2.0 /Users/idlefox/Casink/Slot_machine/Nodejs_new/slot_machine
12 verbose cache add [ 'jquery@~1.11.2', null ]
13 verbose cache add name=undefined spec="jquery@~1.11.2" args=["jquery@~1.11.2",null]
14 verbose parsed url { protocol: null,
14 verbose parsed url   slashes: null,
14 verbose parsed url   auth: null,
14 verbose parsed url   host: null,
14 verbose parsed url   port: null,
14 verbose parsed url   hostname: null,
14 verbose parsed url   hash: null,
14 verbose parsed url   search: null,
14 verbose parsed url   query: null,
14 verbose parsed url   pathname: 'jquery@~1.11.2',
14 verbose parsed url   path: 'jquery@~1.11.2',
14 verbose parsed url   href: 'jquery@~1.11.2' }
15 verbose cache add [ 'socket.io@~1.1.10', null ]
16 verbose cache add name=undefined spec="socket.io@~1.1.10" args=["socket.io@~1.1.10",null]
17 verbose parsed url { protocol: null,
17 verbose parsed url   slashes: null,
17 verbose parsed url   auth: null,
17 verbose parsed url   host: null,
17 verbose parsed url   port: null,
17 verbose parsed url   hostname: null,
17 verbose parsed url   hash: null,
17 verbose parsed url   search: null,
17 verbose parsed url   query: null,
17 verbose parsed url   pathname: 'socket.io@~1.1.10',
17 verbose parsed url   path: 'socket.io@~1.1.10',
17 verbose parsed url   href: 'socket.io@~1.1.10' }
18 verbose cache add [ 'serialport@~1.4.6', null ]
19 verbose cache add name=undefined spec="serialport@~1.4.6" args=["serialport@~1.4.6",null]
20 verbose parsed url { protocol: null,
20 verbose parsed url   slashes: null,
20 verbose parsed url   auth: null,
20 verbose parsed url   host: null,
20 verbose parsed url   port: null,
20 verbose parsed url   hostname: null,
20 verbose parsed url   hash: null,
20 verbose parsed url   search: null,
20 verbose parsed url   query: null,
20 verbose parsed url   pathname: 'serialport@~1.4.6',
20 verbose parsed url   path: 'serialport@~1.4.6',
20 verbose parsed url   href: 'serialport@~1.4.6' }
21 verbose already installed skipping body-parser@~1.10.2 /Users/idlefox/Casink/Slot_machine/Nodejs_new/slot_machine
22 verbose cache add name="jquery" spec="~1.11.2" args=["jquery","~1.11.2"]
23 verbose parsed url { protocol: null,
23 verbose parsed url   slashes: null,
23 verbose parsed url   auth: null,
23 verbose parsed url   host: null,
23 verbose parsed url   port: null,
23 verbose parsed url   hostname: null,
23 verbose parsed url   hash: null,
23 verbose parsed url   search: null,
23 verbose parsed url   query: null,
23 verbose parsed url   pathname: '~1.11.2',
23 verbose parsed url   path: '~1.11.2',
23 verbose parsed url   href: '~1.11.2' }
24 verbose addNamed [ 'jquery', '~1.11.2' ]
25 verbose addNamed [ null, '>=1.11.2-0 <1.12.0-0' ]
26 verbose cache add name="socket.io" spec="~1.1.10" args=["socket.io","~1.1.10"]
27 verbose parsed url { protocol: null,
27 verbose parsed url   slashes: null,
27 verbose parsed url   auth: null,
27 verbose parsed url   host: null,
27 verbose parsed url   port: null,
27 verbose parsed url   hostname: null,
27 verbose parsed url   hash: null,
27 verbose parsed url   search: null,
27 verbose parsed url   query: null,
27 verbose parsed url   pathname: '~1.1.10',
27 verbose parsed url   path: '~1.1.10',
27 verbose parsed url   href: '~1.1.10' }
28 verbose addNamed [ 'socket.io', '~1.1.10' ]
29 verbose addNamed [ null, '>=1.1.10-0 <1.2.0-0' ]
30 verbose cache add name="serialport" spec="~1.4.6" args=["serialport","~1.4.6"]
31 verbose parsed url { protocol: null,
31 verbose parsed url   slashes: null,
31 verbose parsed url   auth: null,
31 verbose parsed url   host: null,
31 verbose parsed url   port: null,
31 verbose parsed url   hostname: null,
31 verbose parsed url   hash: null,
31 verbose parsed url   search: null,
31 verbose parsed url   query: null,
31 verbose parsed url   pathname: '~1.4.6',
31 verbose parsed url   path: '~1.4.6',
31 verbose parsed url   href: '~1.4.6' }
32 verbose addNamed [ 'serialport', '~1.4.6' ]
33 verbose addNamed [ null, '>=1.4.6-0 <1.5.0-0' ]
34 verbose already installed skipping cookie-parser@~1.3.3 /Users/idlefox/Casink/Slot_machine/Nodejs_new/slot_machine
35 verbose already installed skipping debug@~2.1.1 /Users/idlefox/Casink/Slot_machine/Nodejs_new/slot_machine
36 silly lockFile 146dce95-jquery-1-11-2 jquery@~1.11.2
37 verbose lock jquery@~1.11.2 /Users/idlefox/.npm/146dce95-jquery-1-11-2.lock
38 silly lockFile c707a375-socket-io-1-1-10 socket.io@~1.1.10
39 verbose lock socket.io@~1.1.10 /Users/idlefox/.npm/c707a375-socket-io-1-1-10.lock
40 silly lockFile ba073acf-serialport-1-4-6 serialport@~1.4.6
41 verbose lock serialport@~1.4.6 /Users/idlefox/.npm/ba073acf-serialport-1-4-6.lock
42 silly addNameRange { name: 'jquery', range: '>=1.11.2-0 <1.12.0-0', hasData: false }
43 silly addNameRange { name: 'socket.io',
43 silly addNameRange   range: '>=1.1.10-0 <1.2.0-0',
43 silly addNameRange   hasData: false }
44 silly addNameRange { name: 'serialport',
44 silly addNameRange   range: '>=1.4.6-0 <1.5.0-0',
44 silly addNameRange   hasData: false }
45 verbose request where is /jquery
46 verbose request registry https://registry.npmjs.org/
47 verbose request id bb1bf969a3e61342
48 verbose url raw /jquery
49 verbose url resolving [ 'https://registry.npmjs.org/', './jquery' ]
50 verbose url resolved https://registry.npmjs.org/jquery
51 verbose request where is https://registry.npmjs.org/jquery
52 info trying registry request attempt 1 at 09:59:26
53 verbose etag "NW9Q0J5TDZ6XWY5S5611RMJF"
54 http GET https://registry.npmjs.org/jquery
55 verbose request where is /serialport
56 verbose request registry https://registry.npmjs.org/
57 verbose url raw /serialport
58 verbose url resolving [ 'https://registry.npmjs.org/', './serialport' ]
59 verbose url resolved https://registry.npmjs.org/serialport
60 verbose request where is https://registry.npmjs.org/serialport
61 info trying registry request attempt 1 at 09:59:26
62 verbose etag "79PMK08I8HAD2UG33G5TQPMBV"
63 http GET https://registry.npmjs.org/serialport
64 verbose request where is /socket.io
65 verbose request registry https://registry.npmjs.org/
66 verbose url raw /socket.io
67 verbose url resolving [ 'https://registry.npmjs.org/', './socket.io' ]
68 verbose url resolved https://registry.npmjs.org/socket.io
69 verbose request where is https://registry.npmjs.org/socket.io
70 info trying registry request attempt 1 at 09:59:26
71 verbose etag "91JGLXDUYGAE8LT0RH9KM897W"
72 http GET https://registry.npmjs.org/socket.io
73 http 304 https://registry.npmjs.org/serialport
74 silly registry.get cb [ 304,
74 silly registry.get   { date: 'Tue, 03 Feb 2015 01:59:27 GMT',
74 silly registry.get     server: 'Apache',
74 silly registry.get     via: '1.1 varnish',
74 silly registry.get     'last-modified': 'Tue, 03 Feb 2015 00:44:10 GMT',
74 silly registry.get     'cache-control': 'max-age=60',
74 silly registry.get     etag: '"79PMK08I8HAD2UG33G5TQPMBV"',
74 silly registry.get     age: '29',
74 silly registry.get     'x-served-by': 'cache-hk93-HKG',
74 silly registry.get     'x-cache': 'HIT',
74 silly registry.get     'x-cache-hits': '1',
74 silly registry.get     'x-timer': 'S1422928767.179837,VS0,VE0',
74 silly registry.get     vary: 'Accept',
74 silly registry.get     'content-length': '0',
74 silly registry.get     'keep-alive': 'timeout=10, max=50',
74 silly registry.get     connection: 'Keep-Alive' } ]
75 verbose etag https://registry.npmjs.org/serialport from cache
76 http 304 https://registry.npmjs.org/socket.io
77 silly registry.get cb [ 304,
77 silly registry.get   { date: 'Tue, 03 Feb 2015 01:59:27 GMT',
77 silly registry.get     server: 'Apache',
77 silly registry.get     via: '1.1 varnish',
77 silly registry.get     'last-modified': 'Tue, 03 Feb 2015 01:59:27 GMT',
77 silly registry.get     'cache-control': 'max-age=60',
77 silly registry.get     etag: '"91JGLXDUYGAE8LT0RH9KM897W"',
77 silly registry.get     age: '29',
77 silly registry.get     'x-served-by': 'cache-hk93-HKG',
77 silly registry.get     'x-cache': 'HIT',
77 silly registry.get     'x-cache-hits': '1',
77 silly registry.get     'x-timer': 'S1422928767.189518,VS0,VE0',
77 silly registry.get     vary: 'Accept',
77 silly registry.get     'content-length': '0',
77 silly registry.get     'keep-alive': 'timeout=10, max=50',
77 silly registry.get     connection: 'Keep-Alive' } ]
78 verbose etag https://registry.npmjs.org/socket.io from cache
79 http 304 https://registry.npmjs.org/jquery
80 silly registry.get cb [ 304,
80 silly registry.get   { date: 'Tue, 03 Feb 2015 01:59:27 GMT',
80 silly registry.get     server: 'Apache',
80 silly registry.get     via: '1.1 varnish',
80 silly registry.get     'last-modified': 'Tue, 03 Feb 2015 01:58:58 GMT',
80 silly registry.get     'cache-control': 'max-age=60',
80 silly registry.get     etag: '"NW9Q0J5TDZ6XWY5S5611RMJF"',
80 silly registry.get     age: '29',
80 silly registry.get     'x-served-by': 'cache-hk92-HKG',
80 silly registry.get     'x-cache': 'HIT',
80 silly registry.get     'x-cache-hits': '2',
80 silly registry.get     'x-timer': 'S1422928767.191602,VS0,VE0',
80 silly registry.get     vary: 'Accept',
80 silly registry.get     'content-length': '0',
80 silly registry.get     'keep-alive': 'timeout=10, max=50',
80 silly registry.get     connection: 'Keep-Alive' } ]
81 verbose etag https://registry.npmjs.org/jquery from cache
82 silly addNameRange number 2 { name: 'socket.io',
82 silly addNameRange   range: '>=1.1.10-0 <1.2.0-0',
82 silly addNameRange   hasData: true }
83 silly addNameRange versions [ 'socket.io',
83 silly addNameRange   [ '0.3.8',
83 silly addNameRange     '0.4.0',
83 silly addNameRange     '0.4.1',
83 silly addNameRange     '0.5.1',
83 silly addNameRange     '0.5.3',
83 silly addNameRange     '0.6.0',
83 silly addNameRange     '0.6.1',
83 silly addNameRange     '0.6.3',
83 silly addNameRange     '0.6.4',
83 silly addNameRange     '0.6.5',
83 silly addNameRange     '0.6.6',
83 silly addNameRange     '0.6.7',
83 silly addNameRange     '0.6.8',
83 silly addNameRange     '0.6.9',
83 silly addNameRange     '0.6.10',
83 silly addNameRange     '0.6.11',
83 silly addNameRange     '0.6.12',
83 silly addNameRange     '0.6.14',
83 silly addNameRange     '0.6.15',
83 silly addNameRange     '0.6.16',
83 silly addNameRange     '0.6.17',
83 silly addNameRange     '0.6.18',
83 silly addNameRange     '0.7.0',
83 silly addNameRange     '0.7.1',
83 silly addNameRange     '0.7.2',
83 silly addNameRange     '0.7.3',
83 silly addNameRange     '0.7.4',
83 silly addNameRange     '0.7.5',
83 silly addNameRange     '0.7.6',
83 silly addNameRange     '0.7.7',
83 silly addNameRange     '0.7.8',
83 silly addNameRange     '0.7.9',
83 silly addNameRange     '0.7.10',
83 silly addNameRange     '0.7.11',
83 silly addNameRange     '0.8.0',
83 silly addNameRange     '0.8.1',
83 silly addNameRange     '0.8.2',
83 silly addNameRange     '0.8.3',
83 silly addNameRange     '0.8.4',
83 silly addNameRange     '0.8.5',
83 silly addNameRange     '0.8.6',
83 silly addNameRange     '0.8.7',
83 silly addNameRange     '0.9.0',
83 silly addNameRange     '0.9.1',
83 silly addNameRange     '0.9.1-1',
83 silly addNameRange     '0.9.2',
83 silly addNameRange     '0.9.3',
83 silly addNameRange     '0.9.4',
83 silly addNameRange     '0.9.5',
83 silly addNameRange     '0.9.6',
83 silly addNameRange     '0.9.7',
83 silly addNameRange     '0.9.8',
83 silly addNameRange     '0.9.9',
83 silly addNameRange     '0.9.10',
83 silly addNameRange     '0.9.11',
83 silly addNameRange     '0.9.12',
83 silly addNameRange     '0.9.13',
83 silly addNameRange     '0.9.14',
83 silly addNameRange     '0.9.15',
83 silly addNameRange     '0.9.16',
83 silly addNameRange     '1.0.0-pre',
83 silly addNameRange     '1.0.0-pre2',
83 silly addNameRange     '1.0.0-pre3',
83 silly addNameRange     '1.0.0-pre4',
83 silly addNameRange     '1.0.0-pre5',
83 silly addNameRange     '0.9.17',
83 silly addNameRange     '1.0.0',
83 silly addNameRange     '1.0.1',
83 silly addNameRange     '1.0.2',
83 silly addNameRange     '1.0.3',
83 silly addNameRange     '1.0.4',
83 silly addNameRange     '1.0.5',
83 silly addNameRange     '1.0.6',
83 silly addNameRange     '1.1.0',
83 silly addNameRange     '1.2.0',
83 silly addNameRange     '1.2.1',
83 silly addNameRange     '1.3.0',
83 silly addNameRange     '1.3.1',
83 silly addNameRange     '1.3.2' ] ]
84 silly lockFile c707a375-socket-io-1-1-10 socket.io@~1.1.10
85 silly lockFile c707a375-socket-io-1-1-10 socket.io@~1.1.10
86 silly addNameRange number 2 { name: 'jquery', range: '>=1.11.2-0 <1.12.0-0', hasData: true }
87 silly addNameRange versions [ 'jquery',
87 silly addNameRange   [ '1.5.1',
87 silly addNameRange     '1.6.2',
87 silly addNameRange     '1.6.3',
87 silly addNameRange     '1.7.2',
87 silly addNameRange     '1.7.3',
87 silly addNameRange     '1.8.2',
87 silly addNameRange     '1.8.3',
87 silly addNameRange     '2.1.0-beta2',
87 silly addNameRange     '2.1.0-beta3',
87 silly addNameRange     '1.11.0-beta3',
87 silly addNameRange     '1.11.0-rc1',
87 silly addNameRange     '2.1.0-rc1',
87 silly addNameRange     '1.11.0',
87 silly addNameRange     '2.1.0',
87 silly addNameRange     '2.1.1-beta1',
87 silly addNameRange     '1.11.1-beta1',
87 silly addNameRange     '2.1.1-rc1',
87 silly addNameRange     '1.11.1-rc1',
87 silly addNameRange     '2.1.1-rc2',
87 silly addNameRange     '1.11.1-rc2',
87 silly addNameRange     '2.1.1',
87 silly addNameRange     '1.11.1',
87 silly addNameRange     '1.9.1',
87 silly addNameRange     '2.1.2',
87 silly addNameRange     '1.11.2',
87 silly addNameRange     '2.1.3' ] ]
88 verbose addNamed [ 'jquery', '1.11.2' ]
89 verbose addNamed [ '1.11.2', '1.11.2' ]
90 silly lockFile 954fb06c-jquery-1-11-2 jquery@1.11.2
91 verbose lock jquery@1.11.2 /Users/idlefox/.npm/954fb06c-jquery-1-11-2.lock
92 silly addNameRange number 2 { name: 'serialport',
92 silly addNameRange   range: '>=1.4.6-0 <1.5.0-0',
92 silly addNameRange   hasData: true }
93 silly addNameRange versions [ 'serialport',
93 silly addNameRange   [ '0.1.0',
93 silly addNameRange     '0.1.1',
93 silly addNameRange     '0.1.3',
93 silly addNameRange     '0.2.0',
93 silly addNameRange     '0.2.2',
93 silly addNameRange     '0.2.3',
93 silly addNameRange     '0.2.4',
93 silly addNameRange     '0.2.5',
93 silly addNameRange     '0.2.6',
93 silly addNameRange     '0.2.7',
93 silly addNameRange     '0.2.8',
93 silly addNameRange     '0.2.9',
93 silly addNameRange     '0.3.0',
93 silly addNameRange     '0.6.0',
93 silly addNameRange     '0.6.1',
93 silly addNameRange     '0.6.2',
93 silly addNameRange     '0.6.3',
93 silly addNameRange     '0.6.5',
93 silly addNameRange     '0.6.6',
93 silly addNameRange     '0.6.7',
93 silly addNameRange     '0.7.0',
93 silly addNameRange     '0.7.1',
93 silly addNameRange     '0.7.2',
93 silly addNameRange     '0.7.3',
93 silly addNameRange     '0.7.4',
93 silly addNameRange     '0.7.5',
93 silly addNameRange     '1.0.0',
93 silly addNameRange     '1.0.1',
93 silly addNameRange     '1.0.2',
93 silly addNameRange     '1.0.3',
93 silly addNameRange     '1.0.4',
93 silly addNameRange     '1.0.5',
93 silly addNameRange     '1.0.6',
93 silly addNameRange     '1.0.7',
93 silly addNameRange     '1.0.8',
93 silly addNameRange     '1.1.0',
93 silly addNameRange     '1.1.1',
93 silly addNameRange     '1.1.3',
93 silly addNameRange     '1.2.0',
93 silly addNameRange     '1.2.1',
93 silly addNameRange     '1.2.2',
93 silly addNameRange     '1.2.3',
93 silly addNameRange     '1.2.4',
93 silly addNameRange     '1.2.5',
93 silly addNameRange     '1.3.0',
93 silly addNameRange     '1.3.1',
93 silly addNameRange     '1.4.0',
93 silly addNameRange     '1.4.1',
93 silly addNameRange     '1.4.2',
93 silly addNameRange     '1.4.5',
93 silly addNameRange     '1.4.6',
93 silly addNameRange     '1.4.8',
93 silly addNameRange     '1.4.9',
93 silly addNameRange     '1.4.10' ] ]
94 verbose addNamed [ 'serialport', '1.4.10' ]
95 verbose addNamed [ '1.4.10', '1.4.10' ]
96 silly lockFile 4d05f8bb-serialport-1-4-10 serialport@1.4.10
97 verbose lock serialport@1.4.10 /Users/idlefox/.npm/4d05f8bb-serialport-1-4-10.lock
98 silly lockFile 26bfb9a4-mjs-org-jquery-jquery-1-11-2-tgz https://registry.npmjs.org/jquery/-/jquery-1.11.2.tgz
99 verbose lock https://registry.npmjs.org/jquery/-/jquery-1.11.2.tgz /Users/idlefox/.npm/26bfb9a4-mjs-org-jquery-jquery-1-11-2-tgz.lock
100 verbose addRemoteTarball [ 'https://registry.npmjs.org/jquery/-/jquery-1.11.2.tgz',
100 verbose addRemoteTarball   '30ab26857211c37caa83da0f6903155fe49bb72d' ]
101 silly lockFile 4d05f8bb-serialport-1-4-10 serialport@1.4.10
102 silly lockFile 4d05f8bb-serialport-1-4-10 serialport@1.4.10
103 silly lockFile ba073acf-serialport-1-4-6 serialport@~1.4.6
104 silly lockFile ba073acf-serialport-1-4-6 serialport@~1.4.6
105 info retry fetch attempt 1 at 09:59:27
106 verbose fetch to= /var/folders/g4/79tfjqv57x5_z2v61xvrrpzr0000gn/T/npm-1969-8e6rxyo5/registry.npmjs.org/jquery/-/jquery-1.11.2.tgz
107 http GET https://registry.npmjs.org/jquery/-/jquery-1.11.2.tgz
108 http 200 https://registry.npmjs.org/jquery/-/jquery-1.11.2.tgz
109 silly lockFile 26bfb9a4-mjs-org-jquery-jquery-1-11-2-tgz https://registry.npmjs.org/jquery/-/jquery-1.11.2.tgz
110 silly lockFile 26bfb9a4-mjs-org-jquery-jquery-1-11-2-tgz https://registry.npmjs.org/jquery/-/jquery-1.11.2.tgz
111 silly lockFile 954fb06c-jquery-1-11-2 jquery@1.11.2
112 silly lockFile 954fb06c-jquery-1-11-2 jquery@1.11.2
113 silly lockFile 146dce95-jquery-1-11-2 jquery@~1.11.2
114 silly lockFile 146dce95-jquery-1-11-2 jquery@~1.11.2
115 error notarget No compatible version found: socket.io@'>=1.1.10-0 <1.2.0-0'
115 error notarget Valid install targets:
115 error notarget ["0.3.8","0.4.0","0.4.1","0.5.1","0.5.3","0.6.0","0.6.1","0.6.3","0.6.4","0.6.5","0.6.6","0.6.7","0.6.8","0.6.9","0.6.10","0.6.11","0.6.12","0.6.14","0.6.15","0.6.16","0.6.17","0.6.18","0.7.0","0.7.1","0.7.2","0.7.3","0.7.4","0.7.5","0.7.6","0.7.7","0.7.8","0.7.9","0.7.10","0.7.11","0.8.0","0.8.1","0.8.2","0.8.3","0.8.4","0.8.5","0.8.6","0.8.7","0.9.0","0.9.1","0.9.1-1","0.9.2","0.9.3","0.9.4","0.9.5","0.9.6","0.9.7","0.9.8","0.9.9","0.9.10","0.9.11","0.9.12","0.9.13","0.9.14","0.9.15","0.9.16","1.0.0-pre","1.0.0-pre2","1.0.0-pre3","1.0.0-pre4","1.0.0-pre5","0.9.17","1.0.0","1.0.1","1.0.2","1.0.3","1.0.4","1.0.5","1.0.6","1.1.0","1.2.0","1.2.1","1.3.0","1.3.1","1.3.2"]
115 error notarget
115 error notarget This is most likely not a problem with npm itself.
115 error notarget In most cases you or one of your dependencies are requesting
115 error notarget a package version that doesn't exist.
116 error System Darwin 14.0.0
117 error command "node" "/usr/local/bin/npm" "install"
118 error cwd /Users/idlefox/Casink/Slot_machine/Nodejs_new/slot_machine
119 error node -v v0.10.32
120 error npm -v 1.4.28
121 error code ETARGET
122 verbose exit [ 1, true ]
